
=> Loading Rails...
/Users/lkenyan/revolution_working_copy/vendor/plugins/workling/lib/workling/starling/client.rb:47:in `raise_unless_connected!': config/starling.yml configured to connect to starling on localhost:22122 for this environment. could not connect to starling on this host:port. pass starling the port with -p flag when starting it. If you don't want to use Starling at all, then explicitly set Workling::Remote.dispatcher (see README for an example) (Workling::StarlingNotFoundError)
	from /Users/lkenyan/revolution_working_copy/vendor/plugins/workling/lib/workling/starling/client.rb:33:in `initialize'
	from /Users/lkenyan/revolution_working_copy/vendor/plugins/workling/lib/workling/remote/runners/starling_runner.rb:23:in `new'
	from /Users/lkenyan/revolution_working_copy/vendor/plugins/workling/lib/workling/remote/runners/starling_runner.rb:23:in `initialize'
	from /Users/lkenyan/revolution_working_copy/vendor/plugins/workling/script/../../../../config/environment.rb:153:in `new'
	from /Users/lkenyan/revolution_working_copy/vendor/plugins/workling/script/../../../../config/environment.rb:153
	from /System/Library/Frameworks/Ruby.framework/Versions/1.8/usr/lib/ruby/1.8/rubygems/custom_require.rb:27:in `gem_original_require'
	from /System/Library/Frameworks/Ruby.framework/Versions/1.8/usr/lib/ruby/1.8/rubygems/custom_require.rb:27:in `require'
	from /Users/lkenyan/revolution_working_copy/vendor/plugins/workling/script/listen.rb:3
	from /Library/Ruby/Gems/1.8/gems/daemons-1.0.10/lib/daemons/application.rb:176:in `load'
	from /Library/Ruby/Gems/1.8/gems/daemons-1.0.10/lib/daemons/application.rb:176:in `start_load'
	from /Library/Ruby/Gems/1.8/gems/daemons-1.0.10/lib/daemons/application.rb:257:in `start'
	from /Library/Ruby/Gems/1.8/gems/daemons-1.0.10/lib/daemons/controller.rb:69:in `run'
	from /Library/Ruby/Gems/1.8/gems/daemons-1.0.10/lib/daemons.rb:139:in `run'
	from /Library/Ruby/Gems/1.8/gems/daemons-1.0.10/lib/daemons/cmdline.rb:105:in `call'
	from /Library/Ruby/Gems/1.8/gems/daemons-1.0.10/lib/daemons/cmdline.rb:105:in `catch_exceptions'
	from /Library/Ruby/Gems/1.8/gems/daemons-1.0.10/lib/daemons.rb:138:in `run'
	from ./script/workling_starling_client:17
=> Loading Rails...
** Rails loaded.
** Starting Workling::Starling::Poller...
** Use CTRL-C to stop.
** Exiting
=> Loading Rails...
** Rails loaded.
** Starting Workling::Starling::Poller...
** Use CTRL-C to stop.
** Exiting
/Library/Ruby/Gems/1.8/gems/memcache-client-1.5.0/lib/memcache.rb:214:in `load': undefined class/module Group (ArgumentError)
	from /Users/lkenyan/revolution_working_copy/vendor/plugins/workling/script/../lib/workling/starling/poller.rb:42:in `join'
	from /Users/lkenyan/revolution_working_copy/vendor/plugins/workling/script/../lib/workling/starling/poller.rb:42:in `listen'
	from /Users/lkenyan/revolution_working_copy/vendor/plugins/workling/script/../lib/workling/starling/poller.rb:42:in `each'
	from /Users/lkenyan/revolution_working_copy/vendor/plugins/workling/script/../lib/workling/starling/poller.rb:42:in `listen'
	from /Users/lkenyan/revolution_working_copy/vendor/plugins/workling/script/listen.rb:19
	from /Library/Ruby/Gems/1.8/gems/daemons-1.0.10/lib/daemons/application.rb:176:in `load'
	from /Library/Ruby/Gems/1.8/gems/daemons-1.0.10/lib/daemons/application.rb:176:in `start_load'
	from /Library/Ruby/Gems/1.8/gems/daemons-1.0.10/lib/daemons/application.rb:257:in `start'
	from /Library/Ruby/Gems/1.8/gems/daemons-1.0.10/lib/daemons/controller.rb:69:in `run'
	from /Library/Ruby/Gems/1.8/gems/daemons-1.0.10/lib/daemons.rb:139:in `run'
	from /Library/Ruby/Gems/1.8/gems/daemons-1.0.10/lib/daemons/cmdline.rb:105:in `call'
	from /Library/Ruby/Gems/1.8/gems/daemons-1.0.10/lib/daemons/cmdline.rb:105:in `catch_exceptions'
	from /Library/Ruby/Gems/1.8/gems/daemons-1.0.10/lib/daemons.rb:138:in `run'
	from ./script/workling_starling_client:17
=> Loading Rails...
** Rails loaded.
** Starting Workling::Starling::Poller...
** Use CTRL-C to stop.
** Exiting
=> Loading Rails...
** Rails loaded.
** Starting Workling::Starling::Poller...
** Use CTRL-C to stop.
** Exiting
=> Loading Rails...
** Rails loaded.
** Starting Workling::Starling::Poller...
** Use CTRL-C to stop.
!!! The bundled mysql.rb driver has been removed from Rails 2.2. Please install the mysql gem and try again: gem install mysql.
** Exiting
/Library/Ruby/Site/1.8/rubygems/custom_require.rb:31:in `gem_original_require': no such file to load -- mysql (MissingSourceFile)
	from /Users/lkenyan/revolution_working_copy-2-2-2/vendor/plugins/workling/script/../lib/workling/starling/poller.rb:42:in `join'
	from /Users/lkenyan/revolution_working_copy-2-2-2/vendor/plugins/workling/script/../lib/workling/starling/poller.rb:42:in `listen'
	from /Users/lkenyan/revolution_working_copy-2-2-2/vendor/plugins/workling/script/../lib/workling/starling/poller.rb:42:in `each'
	from /Users/lkenyan/revolution_working_copy-2-2-2/vendor/plugins/workling/script/../lib/workling/starling/poller.rb:42:in `listen'
	from /Users/lkenyan/revolution_working_copy-2-2-2/vendor/plugins/workling/script/listen.rb:19
	from /Library/Ruby/Gems/1.8/gems/daemons-1.0.10/lib/daemons/application.rb:176:in `load'
	from /Library/Ruby/Gems/1.8/gems/daemons-1.0.10/lib/daemons/application.rb:176:in `start_load'
	from /Library/Ruby/Gems/1.8/gems/daemons-1.0.10/lib/daemons/application.rb:257:in `start'
	from /Library/Ruby/Gems/1.8/gems/daemons-1.0.10/lib/daemons/controller.rb:69:in `run'
	from /Library/Ruby/Gems/1.8/gems/daemons-1.0.10/lib/daemons.rb:139:in `run'
	from /Library/Ruby/Gems/1.8/gems/daemons-1.0.10/lib/daemons/cmdline.rb:105:in `call'
	from /Library/Ruby/Gems/1.8/gems/daemons-1.0.10/lib/daemons/cmdline.rb:105:in `catch_exceptions'
	from /Library/Ruby/Gems/1.8/gems/daemons-1.0.10/lib/daemons.rb:138:in `run'
	from ./script/workling_starling_client:17
=> Loading Rails...
/Users/lkenyan/revolution_working_copy-2-2-2/vendor/plugins/workling/script/../../../../config/environment.rb:167: uninitialized constant Workling (NameError)
	from /Library/Ruby/Gems/1.8/gems/rails-2.2.2/lib/initializer.rb:110:in `run'
	from /Users/lkenyan/revolution_working_copy-2-2-2/vendor/plugins/workling/script/../../../../config/environment.rb:13
	from /Library/Ruby/Site/1.8/rubygems/custom_require.rb:31:in `gem_original_require'
	from /Library/Ruby/Site/1.8/rubygems/custom_require.rb:31:in `require'
	from /Users/lkenyan/revolution_working_copy-2-2-2/vendor/plugins/workling/script/listen.rb:3
	from /Library/Ruby/Gems/1.8/gems/daemons-1.0.10/lib/daemons/application.rb:176:in `load'
	from /Library/Ruby/Gems/1.8/gems/daemons-1.0.10/lib/daemons/application.rb:176:in `start_load'
	from /Library/Ruby/Gems/1.8/gems/daemons-1.0.10/lib/daemons/application.rb:257:in `start'
	from /Library/Ruby/Gems/1.8/gems/daemons-1.0.10/lib/daemons/controller.rb:69:in `run'
	from /Library/Ruby/Gems/1.8/gems/daemons-1.0.10/lib/daemons.rb:139:in `run'
	from /Library/Ruby/Gems/1.8/gems/daemons-1.0.10/lib/daemons/cmdline.rb:105:in `call'
	from /Library/Ruby/Gems/1.8/gems/daemons-1.0.10/lib/daemons/cmdline.rb:105:in `catch_exceptions'
	from /Library/Ruby/Gems/1.8/gems/daemons-1.0.10/lib/daemons.rb:138:in `run'
	from ./script/workling_client:17
=> Loading Rails...
/Users/lkenyan/revolution_working_copy-2-2-2/vendor/plugins/workling/script/../../../../config/environment.rb:167: uninitialized constant Workling (NameError)
	from /Library/Ruby/Gems/1.8/gems/rails-2.2.2/lib/initializer.rb:110:in `run'
	from /Users/lkenyan/revolution_working_copy-2-2-2/vendor/plugins/workling/script/../../../../config/environment.rb:13
	from /Library/Ruby/Site/1.8/rubygems/custom_require.rb:31:in `gem_original_require'
	from /Library/Ruby/Site/1.8/rubygems/custom_require.rb:31:in `require'
	from /Users/lkenyan/revolution_working_copy-2-2-2/vendor/plugins/workling/script/listen.rb:3
	from /Library/Ruby/Gems/1.8/gems/daemons-1.0.10/lib/daemons/application.rb:176:in `load'
	from /Library/Ruby/Gems/1.8/gems/daemons-1.0.10/lib/daemons/application.rb:176:in `start_load'
	from /Library/Ruby/Gems/1.8/gems/daemons-1.0.10/lib/daemons/application.rb:257:in `start'
	from /Library/Ruby/Gems/1.8/gems/daemons-1.0.10/lib/daemons/controller.rb:69:in `run'
	from /Library/Ruby/Gems/1.8/gems/daemons-1.0.10/lib/daemons.rb:139:in `run'
	from /Library/Ruby/Gems/1.8/gems/daemons-1.0.10/lib/daemons/cmdline.rb:105:in `call'
	from /Library/Ruby/Gems/1.8/gems/daemons-1.0.10/lib/daemons/cmdline.rb:105:in `catch_exceptions'
	from /Library/Ruby/Gems/1.8/gems/daemons-1.0.10/lib/daemons.rb:138:in `run'
	from ./script/workling_client:17
